O
O O O
O O
O
O O O O
O O O
O O O O
O O O O O O
O O O O O O O
O O O O O
O O O
O O O
O
O
O
O
O O O
O
O
O O O
O O O O
O O O O O O
O O O O O
O O O O
O O
O O O O O O
O O
O O O O
O O O O O O
O O O O O O
O O O O O
O O
O O
O O
O O
O O
O O
O O
O
O
O O O
O O O O O O O
O O
O O
O O O
O O O O
O O O
O O O O
O O O O O
O O O
O
O O O O O O
O O
O O O
O O O
O O O
O O O O O
O O O O
O O O
O O
O O
O O
O
O
O O O
O O O O O
O O O O
O O O O O O O
O O O O O
O O O
O O O
O O O O
O O O O
O O O O O O
O O O O O O
O O O O O O O O
O O O O O O O
O O O O O
O O O
O O O O O O O
O O O O
O O O O O O O
O O O O
O O O O O
O O O O
O O
O O
O O
O O O
O O O O O
O O O O
O O O O
O O O O
O O O O
O O O O O
O O O
O O O O O O
O
O O O O O
O O O
O O
O O
O O
O O O O O
O O O O
O
O O O O O O O O
O O O
O O
O
O O
O O
O
O O
O O
O O
O O O
O O O
O
O O
O
O
O O O
O O
O O
O O
O O
O O O
O O O O
O
O
O
O O B-Disease I-Disease I-Disease I-Disease I-Disease O B-Symptom I-Symptom I-Symptom I-Symptom O O O
O O O O O O O O
O O O O O O O O O O O
O O O O O O O O O O O O O O O O O O O O O O O O O O O O
O O O O O O O O O O O O O
O O O O O O O O O O O O O O O O O O O O O O O O O O O O
O O O O O O O O O O
O O O O O O O O O O O O O O O O O O O O O O O O O O O O O O O O O O O O O O O O
O O O O O O O O O O O O O O O O O
O O O O O O O O O O O O O O O O O
O O O O O O O O O O O O O O O
O O O O O O O O O O O O O O O O O O O O O O O O
O O O O O O O O O O O O O O O O O O O O O O O O O O O O O O O O O O O O
O O O O O O O O O O O O O O O O O O O O O O O O O O O O O O O O O O O O
O O O O O O O O O O O O O O O O O O O O O O O O O O
O O O O O O O O O O O O O O O O O O O O
O O O O O O O O O O O O O O O O O O O O O O O O O O O O
O O O O O O O O O O O O O O O O O O O O O O O O O O O O O O O O O O O O O O O
O O O O O O O O O O O O O O O O O O O O O O O O
O O O O O O O O O O O O O O O O O O O O O O O O
O O O O O O O O O O
O O O O O O O O O O O O O O O O O O O O
O O O O O O O O O O O O O O