2023-08-13 11:06:01 connectionpool.py [line:1003] DEBUG: Starting new HTTPS connection (1): huggingface.co:443
2023-08-13 11:06:02 connectionpool.py [line:456] DEBUG: https://huggingface.co:443 "HEAD /LTP/small/resolve/main/config.json HTTP/1.1" 200 0
2023-08-13 11:06:02 connectionpool.py [line:1003] DEBUG: Starting new HTTPS connection (1): huggingface.co:443
2023-08-13 11:06:03 connectionpool.py [line:1003] DEBUG: Starting new HTTPS connection (1): huggingface.co:443
2023-08-13 11:06:04 connectionpool.py [line:456] DEBUG: https://huggingface.co:443 "HEAD /LTP/small/resolve/main/tokenizer_config.json HTTP/1.1" 200 0
2023-08-13 11:06:04 connectionpool.py [line:1003] DEBUG: Starting new HTTPS connection (1): huggingface.co:443
2023-08-13 11:06:04 connectionpool.py [line:1003] DEBUG: Starting new HTTPS connection (1): huggingface.co:443
2023-08-13 12:27:43 connectionpool.py [line:1003] DEBUG: Starting new HTTPS connection (1): huggingface.co:443
2023-08-13 12:27:43 connectionpool.py [line:456] DEBUG: https://huggingface.co:443 "HEAD /LTP/small/resolve/main/config.json HTTP/1.1" 200 0
2023-08-13 12:27:44 connectionpool.py [line:1003] DEBUG: Starting new HTTPS connection (1): huggingface.co:443
2023-08-13 12:27:46 connectionpool.py [line:456] DEBUG: https://huggingface.co:443 "HEAD /LTP/small/resolve/main/pytorch_model.bin HTTP/1.1" 302 0
2023-08-13 12:27:46 connectionpool.py [line:1003] DEBUG: Starting new HTTPS connection (1): huggingface.co:443
2023-08-13 12:27:46 connectionpool.py [line:456] DEBUG: https://huggingface.co:443 "HEAD /LTP/small/resolve/main/tokenizer_config.json HTTP/1.1" 200 0
2023-08-13 12:27:47 connectionpool.py [line:1003] DEBUG: Starting new HTTPS connection (1): huggingface.co:443
2023-08-13 12:27:47 connectionpool.py [line:456] DEBUG: https://huggingface.co:443 "HEAD /hfl/chinese-bert-wwm-ext/resolve/main/vocab.txt HTTP/1.1" 200 0
2023-08-13 12:27:47 connectionpool.py [line:1003] DEBUG: Starting new HTTPS connection (1): huggingface.co:443
2023-08-13 12:27:48 connectionpool.py [line:456] DEBUG: https://huggingface.co:443 "HEAD /hfl/chinese-bert-wwm-ext/resolve/main/config.json HTTP/1.1" 200 0
2023-08-13 12:27:49 connectionpool.py [line:1003] DEBUG: Starting new HTTPS connection (1): huggingface.co:443
2023-08-13 12:27:51 connectionpool.py [line:456] DEBUG: https://huggingface.co:443 "HEAD /hfl/chinese-bert-wwm-ext/resolve/main/config.json HTTP/1.1" 200 0
2023-08-13 12:27:52 connectionpool.py [line:1003] DEBUG: Starting new HTTPS connection (1): huggingface.co:443
2023-08-13 12:27:53 connectionpool.py [line:456] DEBUG: https://huggingface.co:443 "HEAD /hfl/chinese-bert-wwm-ext/resolve/main/vocab.txt HTTP/1.1" 200 0
2023-08-13 12:27:53 model_wrapper.py [line:36] INFO: [model] predict text:请问糖尿病有什么症状,病因是什么
2023-08-13 12:30:18 connectionpool.py [line:1003] DEBUG: Starting new HTTPS connection (1): huggingface.co:443
2023-08-13 12:30:19 connectionpool.py [line:456] DEBUG: https://huggingface.co:443 "HEAD /LTP/small/resolve/main/config.json HTTP/1.1" 200 0
2023-08-13 12:30:19 connectionpool.py [line:1003] DEBUG: Starting new HTTPS connection (1): huggingface.co:443
2023-08-13 12:30:24 connectionpool.py [line:456] DEBUG: https://huggingface.co:443 "HEAD /LTP/small/resolve/main/pytorch_model.bin HTTP/1.1" 302 0
2023-08-13 12:30:24 connectionpool.py [line:1003] DEBUG: Starting new HTTPS connection (1): huggingface.co:443
2023-08-13 12:30:24 connectionpool.py [line:456] DEBUG: https://huggingface.co:443 "HEAD /LTP/small/resolve/main/tokenizer_config.json HTTP/1.1" 200 0
2023-08-13 12:30:25 connectionpool.py [line:1003] DEBUG: Starting new HTTPS connection (1): huggingface.co:443
2023-08-13 12:30:30 connectionpool.py [line:456] DEBUG: https://huggingface.co:443 "HEAD /hfl/chinese-bert-wwm-ext/resolve/main/vocab.txt HTTP/1.1" 200 0
2023-08-13 12:30:30 connectionpool.py [line:1003] DEBUG: Starting new HTTPS connection (1): huggingface.co:443
2023-08-13 12:30:31 connectionpool.py [line:456] DEBUG: https://huggingface.co:443 "HEAD /hfl/chinese-bert-wwm-ext/resolve/main/config.json HTTP/1.1" 200 0
2023-08-13 12:30:32 connectionpool.py [line:1003] DEBUG: Starting new HTTPS connection (1): huggingface.co:443
2023-08-13 12:30:32 connectionpool.py [line:456] DEBUG: https://huggingface.co:443 "HEAD /hfl/chinese-bert-wwm-ext/resolve/main/config.json HTTP/1.1" 200 0
2023-08-13 12:30:33 connectionpool.py [line:1003] DEBUG: Starting new HTTPS connection (1): huggingface.co:443
2023-08-13 12:30:38 connectionpool.py [line:456] DEBUG: https://huggingface.co:443 "HEAD /hfl/chinese-bert-wwm-ext/resolve/main/vocab.txt HTTP/1.1" 200 0
2023-08-13 12:31:56 connectionpool.py [line:1003] DEBUG: Starting new HTTPS connection (1): huggingface.co:443
2023-08-13 12:31:57 connectionpool.py [line:456] DEBUG: https://huggingface.co:443 "HEAD /LTP/small/resolve/main/config.json HTTP/1.1" 200 0
2023-08-13 12:31:57 connectionpool.py [line:1003] DEBUG: Starting new HTTPS connection (1): huggingface.co:443
2023-08-13 12:31:58 connectionpool.py [line:456] DEBUG: https://huggingface.co:443 "HEAD /LTP/small/resolve/main/pytorch_model.bin HTTP/1.1" 302 0
2023-08-13 12:31:58 connectionpool.py [line:1003] DEBUG: Starting new HTTPS connection (1): huggingface.co:443
2023-08-13 12:32:03 connectionpool.py [line:456] DEBUG: https://huggingface.co:443 "HEAD /LTP/small/resolve/main/tokenizer_config.json HTTP/1.1" 200 0
2023-08-13 12:32:03 connectionpool.py [line:1003] DEBUG: Starting new HTTPS connection (1): huggingface.co:443
2023-08-13 12:32:04 connectionpool.py [line:456] DEBUG: https://huggingface.co:443 "HEAD /hfl/chinese-bert-wwm-ext/resolve/main/vocab.txt HTTP/1.1" 200 0
2023-08-13 12:32:04 connectionpool.py [line:1003] DEBUG: Starting new HTTPS connection (1): huggingface.co:443
2023-08-13 12:32:05 connectionpool.py [line:456] DEBUG: https://huggingface.co:443 "HEAD /hfl/chinese-bert-wwm-ext/resolve/main/config.json HTTP/1.1" 200 0
2023-08-13 12:32:06 connectionpool.py [line:1003] DEBUG: Starting new HTTPS connection (1): huggingface.co:443
2023-08-13 12:32:06 connectionpool.py [line:456] DEBUG: https://huggingface.co:443 "HEAD /hfl/chinese-bert-wwm-ext/resolve/main/config.json HTTP/1.1" 200 0
2023-08-13 12:32:07 connectionpool.py [line:1003] DEBUG: Starting new HTTPS connection (1): huggingface.co:443
2023-08-13 12:32:08 connectionpool.py [line:456] DEBUG: https://huggingface.co:443 "HEAD /hfl/chinese-bert-wwm-ext/resolve/main/vocab.txt HTTP/1.1" 200 0
